[2023-09-30 20:25:30,032: INFO: common: yaml file: config\config.yaml loaded successfully]
[2023-09-30 20:25:30,043: INFO: common: yaml file: params.yaml loaded successfully]
[2023-09-30 20:25:30,045: INFO: common: created directory at: artifacts]
[2023-09-30 20:25:30,047: INFO: common: created directory at: artifacts/data_ingestion]
[2023-09-30 20:25:33,550: INFO: 1170291011: artifacts/data_ingestion/data.zip download! with following info: 
Connection: close
Content-Length: 11616915
Cache-Control: max-age=300
Content-Security-Policy: default-src 'none'; style-src 'unsafe-inline'; sandbox
Content-Type: application/zip
ETag: "adf745abc03891fe493c3be264ec012691fe3fa21d861f35a27edbe6d86a76b1"
Strict-Transport-Security: max-age=31536000
X-Content-Type-Options: nosniff
X-Frame-Options: deny
X-XSS-Protection: 1; mode=block
X-GitHub-Request-Id: 5E06:29D403:5714A:A4C83:651836D6
Accept-Ranges: bytes
Date: Sat, 30 Sep 2023 14:55:31 GMT
Via: 1.1 varnish
X-Served-By: cache-del21744-DEL
X-Cache: MISS
X-Cache-Hits: 0
X-Timer: S1696085731.673965,VS0,VE1028
Vary: Authorization,Accept-Encoding,Origin
Access-Control-Allow-Origin: *
Cross-Origin-Resource-Policy: cross-origin
X-Fastly-Request-ID: bc2b179c85b912ccc3955b757b8c7056de288ae3
Expires: Sat, 30 Sep 2023 15:00:31 GMT
Source-Age: 1

]
[2023-09-30 20:33:32,545: INFO: main: >>>>>> stage Data Ingestion stage started <<<<<<]
[2023-09-30 20:33:32,578: INFO: common: yaml file: config\config.yaml loaded successfully]
[2023-09-30 20:33:32,599: INFO: common: yaml file: params.yaml loaded successfully]
[2023-09-30 20:33:32,599: INFO: common: created directory at: artifacts]
[2023-09-30 20:33:32,599: INFO: common: created directory at: artifacts/data_ingestion]
[2023-09-30 20:33:41,241: INFO: data_ingestion: artifacts/data_ingestion/data.zip download! with following info: 
Connection: close
Content-Length: 11616915
Cache-Control: max-age=300
Content-Security-Policy: default-src 'none'; style-src 'unsafe-inline'; sandbox
Content-Type: application/zip
ETag: "adf745abc03891fe493c3be264ec012691fe3fa21d861f35a27edbe6d86a76b1"
Strict-Transport-Security: max-age=31536000
X-Content-Type-Options: nosniff
X-Frame-Options: deny
X-XSS-Protection: 1; mode=block
X-GitHub-Request-Id: 5E06:29D403:5714A:A4C83:651836D6
Accept-Ranges: bytes
Date: Sat, 30 Sep 2023 15:03:34 GMT
Via: 1.1 varnish
X-Served-By: cache-del21723-DEL
X-Cache: HIT
X-Cache-Hits: 0
X-Timer: S1696086214.951814,VS0,VE277
Vary: Authorization,Accept-Encoding,Origin
Access-Control-Allow-Origin: *
Cross-Origin-Resource-Policy: cross-origin
X-Fastly-Request-ID: ec4e87acbbfeabcbeb775a86fb01382f23b40b99
Expires: Sat, 30 Sep 2023 15:08:34 GMT
Source-Age: 0

]
[2023-09-30 20:33:42,043: INFO: main: >>>>>> stage Data Ingestion stage completed <<<<<<

x==========x]
[2023-09-30 21:41:56,086: INFO: common: yaml file: config\config.yaml loaded successfully]
[2023-09-30 21:41:56,099: INFO: common: yaml file: params.yaml loaded successfully]
[2023-09-30 21:41:56,101: INFO: common: created directory at: artifacts]
[2023-09-30 21:41:56,101: INFO: common: created directory at: artifacts/prepare_base_model]
[2023-09-30 21:42:14,558: WARNING: saving_utils: Compiled the loaded model, but the compiled metrics have yet to be built. `model.compile_metrics` will be empty until you train or evaluate the model.]
[2023-09-30 21:46:06,224: INFO: main: >>>>>> stage Data Ingestion stage started <<<<<<]
[2023-09-30 21:46:06,227: INFO: common: yaml file: config\config.yaml loaded successfully]
[2023-09-30 21:46:06,232: INFO: common: yaml file: params.yaml loaded successfully]
[2023-09-30 21:46:06,235: INFO: common: created directory at: artifacts]
[2023-09-30 21:46:06,237: INFO: common: created directory at: artifacts/data_ingestion]
[2023-09-30 21:46:10,396: INFO: data_ingestion: artifacts/data_ingestion/data.zip download! with following info: 
Connection: close
Content-Length: 11616915
Cache-Control: max-age=300
Content-Security-Policy: default-src 'none'; style-src 'unsafe-inline'; sandbox
Content-Type: application/zip
ETag: "adf745abc03891fe493c3be264ec012691fe3fa21d861f35a27edbe6d86a76b1"
Strict-Transport-Security: max-age=31536000
X-Content-Type-Options: nosniff
X-Frame-Options: deny
X-XSS-Protection: 1; mode=block
X-GitHub-Request-Id: D484:2A038B:5F772:B10F8:651849C7
Accept-Ranges: bytes
Date: Sat, 30 Sep 2023 16:16:08 GMT
Via: 1.1 varnish
X-Served-By: cache-del21727-DEL
X-Cache: MISS
X-Cache-Hits: 0
X-Timer: S1696090568.773873,VS0,VE902
Vary: Authorization,Accept-Encoding,Origin
Access-Control-Allow-Origin: *
Cross-Origin-Resource-Policy: cross-origin
X-Fastly-Request-ID: e17a12b26925c270e26544fd541facc2dfc29e5e
Expires: Sat, 30 Sep 2023 16:21:08 GMT
Source-Age: 1

]
[2023-09-30 21:46:10,926: INFO: main: >>>>>> stage Data Ingestion stage completed <<<<<<

x==========x]
[2023-09-30 21:46:10,926: INFO: main: *******************]
[2023-09-30 21:46:10,927: INFO: main: >>>>>> stage Prepare base model started <<<<<<]
[2023-09-30 21:46:10,929: INFO: common: yaml file: config\config.yaml loaded successfully]
[2023-09-30 21:46:10,938: INFO: common: yaml file: params.yaml loaded successfully]
[2023-09-30 21:46:10,939: INFO: common: created directory at: artifacts]
[2023-09-30 21:46:10,941: INFO: common: created directory at: artifacts/prepare_base_model]
[2023-09-30 21:46:11,639: WARNING: saving_utils: Compiled the loaded model, but the compiled metrics have yet to be built. `model.compile_metrics` will be empty until you train or evaluate the model.]
[2023-09-30 21:46:11,997: INFO: main: >>>>>> stage Prepare base model completed <<<<<<

x==========x]
[2023-09-30 21:55:11,224: INFO: common: yaml file: config\config.yaml loaded successfully]
[2023-09-30 21:55:11,230: INFO: common: yaml file: params.yaml loaded successfully]
[2023-09-30 21:55:11,231: INFO: common: created directory at: artifacts]
[2023-09-30 21:55:11,234: INFO: common: created directory at: artifacts\prepare_callbacks\checkpoint_dir]
[2023-09-30 21:55:11,234: INFO: common: created directory at: artifacts\prepare_callbacks\tensorboard_log_dir]
[2023-09-30 22:07:09,642: INFO: common: yaml file: config\config.yaml loaded successfully]
[2023-09-30 22:07:09,649: INFO: common: yaml file: params.yaml loaded successfully]
[2023-09-30 22:07:09,650: INFO: common: created directory at: artifacts]
[2023-09-30 22:07:09,650: INFO: common: created directory at: artifacts\prepare_callbacks\checkpoint_dir]
[2023-09-30 22:07:09,650: INFO: common: created directory at: artifacts\prepare_callbacks\tensorboard_log_dir]
[2023-09-30 22:10:07,465: INFO: common: yaml file: config\config.yaml loaded successfully]
[2023-09-30 22:10:07,472: INFO: common: yaml file: params.yaml loaded successfully]
[2023-09-30 22:10:07,473: INFO: common: created directory at: artifacts]
[2023-09-30 22:10:07,476: INFO: common: created directory at: artifacts\prepare_callbacks\checkpoint_dir]
[2023-09-30 22:10:07,478: INFO: common: created directory at: artifacts\prepare_callbacks\tensorboard_log_dir]
[2023-09-30 22:12:40,715: INFO: common: yaml file: config\config.yaml loaded successfully]
[2023-09-30 22:12:40,719: INFO: common: yaml file: params.yaml loaded successfully]
[2023-09-30 22:12:40,719: INFO: common: created directory at: artifacts]
[2023-09-30 22:12:40,727: INFO: common: created directory at: artifacts\prepare_callbacks\checkpoint_dir]
[2023-09-30 22:12:40,729: INFO: common: created directory at: artifacts\prepare_callbacks\tensorboard_log_dir]
[2023-10-08 14:43:51,991: INFO: common: yaml file: config\config.yaml loaded successfully]
[2023-10-08 14:43:51,997: INFO: common: yaml file: params.yaml loaded successfully]
[2023-10-08 14:43:52,000: INFO: common: created directory at: artifacts]
[2023-10-08 14:43:52,002: INFO: common: created directory at: artifacts/data_ingestion]
[2023-10-08 14:45:59,085: INFO: common: yaml file: config\config.yaml loaded successfully]
[2023-10-08 14:45:59,090: INFO: common: yaml file: params.yaml loaded successfully]
[2023-10-08 14:45:59,093: INFO: common: created directory at: artifacts]
[2023-10-08 14:45:59,095: INFO: common: created directory at: artifacts/data_ingestion]
[2023-10-08 14:47:41,706: INFO: common: yaml file: config\config.yaml loaded successfully]
[2023-10-08 14:47:41,712: INFO: common: yaml file: params.yaml loaded successfully]
[2023-10-08 14:47:41,714: INFO: common: created directory at: artifacts]
[2023-10-08 14:47:41,716: INFO: common: created directory at: artifacts/data_ingestion]
[2023-10-08 14:51:07,409: INFO: common: yaml file: config\config.yaml loaded successfully]
[2023-10-08 14:51:07,415: INFO: common: yaml file: params.yaml loaded successfully]
[2023-10-08 14:51:07,417: INFO: common: created directory at: artifacts]
[2023-10-08 14:51:07,419: INFO: common: created directory at: artifacts/data_ingestion]
[2023-10-08 14:51:14,362: INFO: 1170291011: artifacts/data_ingestion/data.zip download! with following info: 
Connection: close
Content-Length: 11605269
Cache-Control: max-age=300
Content-Security-Policy: default-src 'none'; style-src 'unsafe-inline'; sandbox
Content-Type: application/zip
ETag: "caf871900a465f4b6c655196f31f70db9c75895618240782e892cca0755f2cac"
Strict-Transport-Security: max-age=31536000
X-Content-Type-Options: nosniff
X-Frame-Options: deny
X-XSS-Protection: 1; mode=block
X-GitHub-Request-Id: 6566:24702F:131E11:17F817:65227485
Accept-Ranges: bytes
Date: Sun, 08 Oct 2023 09:21:10 GMT
Via: 1.1 varnish
X-Served-By: cache-qpg1235-QPG
X-Cache: MISS
X-Cache-Hits: 0
X-Timer: S1696756870.082648,VS0,VE817
Vary: Authorization,Accept-Encoding,Origin
Access-Control-Allow-Origin: *
Cross-Origin-Resource-Policy: cross-origin
X-Fastly-Request-ID: e86021900a44cbac09eb51492ebc5b9aa8978094
Expires: Sun, 08 Oct 2023 09:26:10 GMT
Source-Age: 1

]
[2023-10-08 15:18:15,322: INFO: main: >>>>>> stage Data Ingestion stage started <<<<<<]
[2023-10-08 15:18:15,374: INFO: common: yaml file: config\config.yaml loaded successfully]
[2023-10-08 15:18:15,374: INFO: common: yaml file: params.yaml loaded successfully]
[2023-10-08 15:18:15,387: INFO: common: created directory at: artifacts]
[2023-10-08 15:18:15,387: INFO: common: created directory at: artifacts/data_ingestion]
[2023-10-08 15:18:21,846: INFO: data_ingestion: artifacts/data_ingestion/data.zip download! with following info: 
Connection: close
Content-Length: 11605269
Cache-Control: max-age=300
Content-Security-Policy: default-src 'none'; style-src 'unsafe-inline'; sandbox
Content-Type: application/zip
ETag: "caf871900a465f4b6c655196f31f70db9c75895618240782e892cca0755f2cac"
Strict-Transport-Security: max-age=31536000
X-Content-Type-Options: nosniff
X-Frame-Options: deny
X-XSS-Protection: 1; mode=block
X-GitHub-Request-Id: DC7E:D6567:441C2B:4C6371:65227AE1
Accept-Ranges: bytes
Date: Sun, 08 Oct 2023 09:48:18 GMT
Via: 1.1 varnish
X-Served-By: cache-bom4744-BOM
X-Cache: MISS
X-Cache-Hits: 0
X-Timer: S1696758498.969161,VS0,VE666
Vary: Authorization,Accept-Encoding,Origin
Access-Control-Allow-Origin: *
Cross-Origin-Resource-Policy: cross-origin
X-Fastly-Request-ID: b619679c3da4ee4e5ef652245843f23129f7d7e6
Expires: Sun, 08 Oct 2023 09:53:18 GMT
Source-Age: 0

]
[2023-10-08 15:18:22,285: INFO: main: >>>>>> stage Data Ingestion stage completed <<<<<<

x==========x]
[2023-10-08 15:46:12,223: INFO: common: yaml file: config\config.yaml loaded successfully]
[2023-10-08 15:46:12,236: INFO: common: yaml file: params.yaml loaded successfully]
[2023-10-08 15:46:12,236: INFO: common: created directory at: artifacts]
[2023-10-08 15:46:12,243: INFO: common: created directory at: artifacts/prepare_base_model]
[2023-10-08 15:46:13,605: WARNING: saving_utils: Compiled the loaded model, but the compiled metrics have yet to be built. `model.compile_metrics` will be empty until you train or evaluate the model.]
[2023-10-08 16:09:50,338: INFO: main: >>>>>> stage Data Ingestion stage started <<<<<<]
[2023-10-08 16:09:50,342: INFO: common: yaml file: config\config.yaml loaded successfully]
[2023-10-08 16:09:50,349: INFO: common: yaml file: params.yaml loaded successfully]
[2023-10-08 16:09:50,350: INFO: common: created directory at: artifacts]
[2023-10-08 16:09:50,353: INFO: common: created directory at: artifacts/data_ingestion]
[2023-10-08 16:09:57,388: INFO: data_ingestion: artifacts/data_ingestion/data.zip download! with following info: 
Connection: close
Content-Length: 11605269
Cache-Control: max-age=300
Content-Security-Policy: default-src 'none'; style-src 'unsafe-inline'; sandbox
Content-Type: application/zip
ETag: "caf871900a465f4b6c655196f31f70db9c75895618240782e892cca0755f2cac"
Strict-Transport-Security: max-age=31536000
X-Content-Type-Options: nosniff
X-Frame-Options: deny
X-XSS-Protection: 1; mode=block
X-GitHub-Request-Id: DC7E:D6567:441C2B:4C6371:65227AE1
Accept-Ranges: bytes
Date: Sun, 08 Oct 2023 10:39:54 GMT
Via: 1.1 varnish
X-Served-By: cache-bom4724-BOM
X-Cache: HIT
X-Cache-Hits: 0
X-Timer: S1696761594.871929,VS0,VE333
Vary: Authorization,Accept-Encoding,Origin
Access-Control-Allow-Origin: *
Cross-Origin-Resource-Policy: cross-origin
X-Fastly-Request-ID: 4f5967579f0ed4dc9bdd8ee64317da98ed9cf85a
Expires: Sun, 08 Oct 2023 10:44:54 GMT
Source-Age: 0

]
[2023-10-08 16:09:57,905: INFO: main: >>>>>> stage Data Ingestion stage completed <<<<<<

x==========x]
[2023-10-08 16:09:57,906: INFO: main: *******************]
[2023-10-08 16:09:57,906: INFO: main: >>>>>> stage Prepare base model started <<<<<<]
[2023-10-08 16:09:57,908: INFO: common: yaml file: config\config.yaml loaded successfully]
[2023-10-08 16:09:57,913: INFO: common: yaml file: params.yaml loaded successfully]
[2023-10-08 16:09:57,913: INFO: common: created directory at: artifacts]
[2023-10-08 16:09:57,917: INFO: common: created directory at: artifacts/prepare_base_model]
[2023-10-08 16:09:58,661: WARNING: saving_utils: Compiled the loaded model, but the compiled metrics have yet to be built. `model.compile_metrics` will be empty until you train or evaluate the model.]
[2023-10-08 16:09:59,116: INFO: main: >>>>>> stage Prepare base model completed <<<<<<

x==========x]
[2023-10-08 16:33:17,761: INFO: common: yaml file: config\config.yaml loaded successfully]
[2023-10-08 16:33:17,769: INFO: common: yaml file: params.yaml loaded successfully]
[2023-10-08 16:33:17,769: INFO: common: created directory at: artifacts]
[2023-10-08 16:33:17,777: INFO: common: created directory at: artifacts\prepare_callbacks\checkpoint_dir]
[2023-10-08 16:33:17,781: INFO: common: created directory at: artifacts\prepare_callbacks\tensorboard_log_dir]
[2023-10-08 16:55:44,720: INFO: common: yaml file: config\config.yaml loaded successfully]
[2023-10-08 16:55:44,730: INFO: common: yaml file: params.yaml loaded successfully]
[2023-10-08 16:55:44,734: INFO: common: created directory at: artifacts]
[2023-10-08 16:55:44,736: INFO: common: created directory at: artifacts\prepare_callbacks\checkpoint_dir]
[2023-10-08 16:55:44,736: INFO: common: created directory at: artifacts\prepare_callbacks\tensorboard_log_dir]
[2023-10-08 17:56:56,752: INFO: common: yaml file: config\config.yaml loaded successfully]
[2023-10-08 17:56:56,759: INFO: common: yaml file: params.yaml loaded successfully]
[2023-10-08 17:56:56,761: INFO: common: created directory at: artifacts]
[2023-10-08 17:56:56,765: INFO: common: created directory at: artifacts\prepare_callbacks\checkpoint_dir]
[2023-10-08 17:56:56,767: INFO: common: created directory at: artifacts\prepare_callbacks\tensorboard_log_dir]
[2023-10-08 17:57:56,196: INFO: common: yaml file: config\config.yaml loaded successfully]
[2023-10-08 17:57:56,202: INFO: common: yaml file: params.yaml loaded successfully]
[2023-10-08 17:57:56,205: INFO: common: created directory at: artifacts]
[2023-10-08 17:57:56,207: INFO: common: created directory at: artifacts\prepare_callbacks\checkpoint_dir]
[2023-10-08 17:57:56,210: INFO: common: created directory at: artifacts\prepare_callbacks\tensorboard_log_dir]
[2023-10-08 17:57:56,212: INFO: common: created directory at: artifacts\training]
[2023-10-08 18:06:49,856: INFO: main: >>>>>> stage Data Ingestion stage started <<<<<<]
[2023-10-08 18:06:49,860: INFO: common: yaml file: config\config.yaml loaded successfully]
[2023-10-08 18:06:49,860: INFO: common: yaml file: params.yaml loaded successfully]
[2023-10-08 18:06:49,860: INFO: common: created directory at: artifacts]
[2023-10-08 18:06:49,867: INFO: common: created directory at: artifacts/data_ingestion]
[2023-10-08 18:09:13,285: INFO: main: >>>>>> stage Data Ingestion stage started <<<<<<]
[2023-10-08 18:09:13,287: INFO: common: yaml file: config\config.yaml loaded successfully]
[2023-10-08 18:09:13,287: INFO: common: yaml file: params.yaml loaded successfully]
[2023-10-08 18:09:13,293: INFO: common: created directory at: artifacts]
[2023-10-08 18:09:13,294: INFO: common: created directory at: artifacts/data_ingestion]
[2023-10-08 18:09:16,009: ERROR: main: <urlopen error [WinError 10054] An existing connection was forcibly closed by the remote host>]
Traceback (most recent call last):
  File "C:\Users\DELL\.conda\envs\chicken\lib\urllib\request.py", line 1354, in do_open
    h.request(req.get_method(), req.selector, req.data, headers,
  File "C:\Users\DELL\.conda\envs\chicken\lib\http\client.py", line 1256, in request
    self._send_request(method, url, body, headers, encode_chunked)
  File "C:\Users\DELL\.conda\envs\chicken\lib\http\client.py", line 1302, in _send_request
    self.endheaders(body, encode_chunked=encode_chunked)
  File "C:\Users\DELL\.conda\envs\chicken\lib\http\client.py", line 1251, in endheaders
    self._send_output(message_body, encode_chunked=encode_chunked)
  File "C:\Users\DELL\.conda\envs\chicken\lib\http\client.py", line 1011, in _send_output
    self.send(msg)
  File "C:\Users\DELL\.conda\envs\chicken\lib\http\client.py", line 951, in send
    self.connect()
  File "C:\Users\DELL\.conda\envs\chicken\lib\http\client.py", line 1425, in connect
    self.sock = self._context.wrap_socket(self.sock,
  File "C:\Users\DELL\.conda\envs\chicken\lib\ssl.py", line 500, in wrap_socket
    return self.sslsocket_class._create(
  File "C:\Users\DELL\.conda\envs\chicken\lib\ssl.py", line 1073, in _create
    self.do_handshake()
  File "C:\Users\DELL\.conda\envs\chicken\lib\ssl.py", line 1342, in do_handshake
    self._sslobj.do_handshake()
ConnectionResetError: [WinError 10054] An existing connection was forcibly closed by the remote host

During handling of the above exception, another exception occurred:

Traceback (most recent call last):
  File "main.py", line 12, in <module>
    data_ingestion.main()
  File "c:\users\dell\documents\data science\projects\chicken_disease_classification\src\cnnClassifier\pipeline\stage_01_data_ingestion.py", line 16, in main
    data_ingestion.download_file()
  File "c:\users\dell\documents\data science\projects\chicken_disease_classification\src\cnnClassifier\components\data_ingestion.py", line 18, in download_file
    filename, headers = request.urlretrieve(
  File "C:\Users\DELL\.conda\envs\chicken\lib\urllib\request.py", line 247, in urlretrieve
    with contextlib.closing(urlopen(url, data)) as fp:
  File "C:\Users\DELL\.conda\envs\chicken\lib\urllib\request.py", line 222, in urlopen
    return opener.open(url, data, timeout)
  File "C:\Users\DELL\.conda\envs\chicken\lib\urllib\request.py", line 531, in open
    response = meth(req, response)
  File "C:\Users\DELL\.conda\envs\chicken\lib\urllib\request.py", line 640, in http_response
    response = self.parent.error(
  File "C:\Users\DELL\.conda\envs\chicken\lib\urllib\request.py", line 563, in error
    result = self._call_chain(*args)
  File "C:\Users\DELL\.conda\envs\chicken\lib\urllib\request.py", line 502, in _call_chain
    result = func(*args)
  File "C:\Users\DELL\.conda\envs\chicken\lib\urllib\request.py", line 755, in http_error_302
    return self.parent.open(new, timeout=req.timeout)
  File "C:\Users\DELL\.conda\envs\chicken\lib\urllib\request.py", line 525, in open
    response = self._open(req, data)
  File "C:\Users\DELL\.conda\envs\chicken\lib\urllib\request.py", line 542, in _open
    result = self._call_chain(self.handle_open, protocol, protocol +
  File "C:\Users\DELL\.conda\envs\chicken\lib\urllib\request.py", line 502, in _call_chain
    result = func(*args)
  File "C:\Users\DELL\.conda\envs\chicken\lib\urllib\request.py", line 1397, in https_open
    return self.do_open(http.client.HTTPSConnection, req,
  File "C:\Users\DELL\.conda\envs\chicken\lib\urllib\request.py", line 1357, in do_open
    raise URLError(err)
urllib.error.URLError: <urlopen error [WinError 10054] An existing connection was forcibly closed by the remote host>
[2023-10-08 18:09:47,698: INFO: main: >>>>>> stage Data Ingestion stage started <<<<<<]
[2023-10-08 18:09:47,700: INFO: common: yaml file: config\config.yaml loaded successfully]
[2023-10-08 18:09:47,700: INFO: common: yaml file: params.yaml loaded successfully]
[2023-10-08 18:09:47,700: INFO: common: created directory at: artifacts]
[2023-10-08 18:09:47,706: INFO: common: created directory at: artifacts/data_ingestion]
[2023-10-08 18:12:32,659: INFO: main: >>>>>> stage Data Ingestion stage started <<<<<<]
[2023-10-08 18:12:32,662: INFO: common: yaml file: config\config.yaml loaded successfully]
[2023-10-08 18:12:32,662: INFO: common: yaml file: params.yaml loaded successfully]
[2023-10-08 18:12:32,667: INFO: common: created directory at: artifacts]
[2023-10-08 18:12:32,668: INFO: common: created directory at: artifacts/data_ingestion]
[2023-10-08 18:12:39,675: INFO: data_ingestion: artifacts/data_ingestion/data.zip download! with following info: 
Connection: close
Content-Length: 11605269
Cache-Control: max-age=300
Content-Security-Policy: default-src 'none'; style-src 'unsafe-inline'; sandbox
Content-Type: application/zip
ETag: "caf871900a465f4b6c655196f31f70db9c75895618240782e892cca0755f2cac"
Strict-Transport-Security: max-age=31536000
X-Content-Type-Options: nosniff
X-Frame-Options: deny
X-XSS-Protection: 1; mode=block
X-GitHub-Request-Id: 7A7A:1AC5A5:113A45:12D50C:6522A3BB
Accept-Ranges: bytes
Date: Sun, 08 Oct 2023 12:42:36 GMT
Via: 1.1 varnish
X-Served-By: cache-bom4747-BOM
X-Cache: MISS
X-Cache-Hits: 0
X-Timer: S1696768956.610259,VS0,VE969
Vary: Authorization,Accept-Encoding,Origin
Access-Control-Allow-Origin: *
Cross-Origin-Resource-Policy: cross-origin
X-Fastly-Request-ID: 360266847046f76772ad070602a3569f47f6ff7b
Expires: Sun, 08 Oct 2023 12:47:36 GMT
Source-Age: 1

]
[2023-10-08 18:12:40,198: INFO: main: >>>>>> stage Data Ingestion stage completed <<<<<<

x==========x]
[2023-10-08 18:12:40,199: INFO: main: *******************]
[2023-10-08 18:12:40,200: INFO: main: >>>>>> stage Prepare base model started <<<<<<]
[2023-10-08 18:12:40,202: INFO: common: yaml file: config\config.yaml loaded successfully]
[2023-10-08 18:12:40,216: INFO: common: yaml file: params.yaml loaded successfully]
[2023-10-08 18:12:40,218: INFO: common: created directory at: artifacts]
[2023-10-08 18:12:40,220: INFO: common: created directory at: artifacts/prepare_base_model]
[2023-10-08 18:12:41,025: WARNING: saving_utils: Compiled the loaded model, but the compiled metrics have yet to be built. `model.compile_metrics` will be empty until you train or evaluate the model.]
[2023-10-08 18:12:41,392: INFO: main: >>>>>> stage Prepare base model completed <<<<<<

x==========x]
[2023-10-08 18:12:41,393: INFO: main: *******************]
[2023-10-08 18:12:41,395: INFO: main: >>>>>> stage Training started <<<<<<]
[2023-10-08 18:12:41,403: INFO: common: yaml file: config\config.yaml loaded successfully]
[2023-10-08 18:12:41,403: INFO: common: yaml file: params.yaml loaded successfully]
[2023-10-08 18:12:41,403: INFO: common: created directory at: artifacts]
[2023-10-08 18:12:41,415: INFO: common: created directory at: artifacts\prepare_callbacks\checkpoint_dir]
[2023-10-08 18:12:41,415: INFO: common: created directory at: artifacts\prepare_callbacks\tensorboard_log_dir]
[2023-10-08 18:12:41,415: INFO: common: created directory at: artifacts\training]
[2023-10-08 18:15:05,366: INFO: main: >>>>>> stage Training completed <<<<<<

x==========x]
[2023-10-08 18:19:42,630: INFO: common: yaml file: config\config.yaml loaded successfully]
[2023-10-08 18:19:42,639: INFO: common: yaml file: params.yaml loaded successfully]
[2023-10-08 18:19:42,641: INFO: common: created directory at: artifacts]
[2023-10-08 18:20:13,203: INFO: common: json file saved at: scores.json]
[2023-10-08 18:24:50,733: INFO: main: >>>>>> stage Data Ingestion stage started <<<<<<]
[2023-10-08 18:24:50,745: INFO: common: yaml file: config\config.yaml loaded successfully]
[2023-10-08 18:24:50,747: INFO: common: yaml file: params.yaml loaded successfully]
[2023-10-08 18:24:50,747: INFO: common: created directory at: artifacts]
[2023-10-08 18:24:50,752: INFO: common: created directory at: artifacts/data_ingestion]
[2023-10-08 18:24:59,141: INFO: data_ingestion: artifacts/data_ingestion/data.zip download! with following info: 
Connection: close
Content-Length: 11605269
Cache-Control: max-age=300
Content-Security-Policy: default-src 'none'; style-src 'unsafe-inline'; sandbox
Content-Type: application/zip
ETag: "caf871900a465f4b6c655196f31f70db9c75895618240782e892cca0755f2cac"
Strict-Transport-Security: max-age=31536000
X-Content-Type-Options: nosniff
X-Frame-Options: deny
X-XSS-Protection: 1; mode=block
X-GitHub-Request-Id: 7A7A:1AC5A5:113A45:12D50C:6522A3BB
Accept-Ranges: bytes
Date: Sun, 08 Oct 2023 12:54:55 GMT
Via: 1.1 varnish
X-Served-By: cache-bom4751-BOM
X-Cache: HIT
X-Cache-Hits: 0
X-Timer: S1696769695.245760,VS0,VE347
Vary: Authorization,Accept-Encoding,Origin
Access-Control-Allow-Origin: *
Cross-Origin-Resource-Policy: cross-origin
X-Fastly-Request-ID: 89bc0846b480e78fc72d37d5cfccdcab16aafb04
Expires: Sun, 08 Oct 2023 12:59:55 GMT
Source-Age: 0

]
[2023-10-08 18:24:59,637: INFO: main: >>>>>> stage Data Ingestion stage completed <<<<<<

x==========x]
[2023-10-08 18:24:59,638: INFO: main: *******************]
[2023-10-08 18:24:59,639: INFO: main: >>>>>> stage Prepare base model started <<<<<<]
[2023-10-08 18:24:59,641: INFO: common: yaml file: config\config.yaml loaded successfully]
[2023-10-08 18:24:59,646: INFO: common: yaml file: params.yaml loaded successfully]
[2023-10-08 18:24:59,650: INFO: common: created directory at: artifacts]
[2023-10-08 18:24:59,651: INFO: common: created directory at: artifacts/prepare_base_model]
[2023-10-08 18:25:00,460: WARNING: saving_utils: Compiled the loaded model, but the compiled metrics have yet to be built. `model.compile_metrics` will be empty until you train or evaluate the model.]
[2023-10-08 18:25:00,814: INFO: main: >>>>>> stage Prepare base model completed <<<<<<

x==========x]
[2023-10-08 18:25:00,815: INFO: main: *******************]
[2023-10-08 18:25:00,815: INFO: main: >>>>>> stage Training started <<<<<<]
[2023-10-08 18:25:00,820: INFO: common: yaml file: config\config.yaml loaded successfully]
[2023-10-08 18:25:00,824: INFO: common: yaml file: params.yaml loaded successfully]
[2023-10-08 18:25:00,825: INFO: common: created directory at: artifacts]
[2023-10-08 18:25:00,831: INFO: common: created directory at: artifacts\prepare_callbacks\checkpoint_dir]
[2023-10-08 18:25:00,834: INFO: common: created directory at: artifacts\prepare_callbacks\tensorboard_log_dir]
[2023-10-08 18:25:00,838: INFO: common: created directory at: artifacts\training]
[2023-10-08 18:26:34,468: INFO: main: >>>>>> stage Training completed <<<<<<

x==========x]
[2023-10-08 18:26:34,476: INFO: main: *******************]
[2023-10-08 18:26:34,477: INFO: main: >>>>>> stage Evaluation stage started <<<<<<]
[2023-10-08 18:26:34,489: INFO: common: yaml file: config\config.yaml loaded successfully]
[2023-10-08 18:26:34,491: INFO: common: yaml file: params.yaml loaded successfully]
[2023-10-08 18:26:34,495: INFO: common: created directory at: artifacts]
[2023-10-08 18:27:05,090: INFO: common: json file saved at: scores.json]
[2023-10-08 18:27:05,090: INFO: main: >>>>>> stage Evaluation stage completed <<<<<<

x==========x]
[2023-10-08 18:32:55,181: INFO: common: yaml file: config\config.yaml loaded successfully]
[2023-10-08 18:32:55,185: INFO: common: yaml file: params.yaml loaded successfully]
[2023-10-08 18:32:55,189: INFO: common: created directory at: artifacts]
[2023-10-08 18:32:55,191: INFO: common: created directory at: artifacts\prepare_callbacks\checkpoint_dir]
[2023-10-08 18:32:55,193: INFO: common: created directory at: artifacts\prepare_callbacks\tensorboard_log_dir]
[2023-10-08 18:32:55,210: INFO: common: created directory at: artifacts\training]
[2023-10-08 19:16:01,353: INFO: main: >>>>>> stage Data Ingestion stage started <<<<<<]
[2023-10-08 19:16:01,353: INFO: common: yaml file: config\config.yaml loaded successfully]
[2023-10-08 19:16:01,376: INFO: common: yaml file: params.yaml loaded successfully]
[2023-10-08 19:16:01,376: INFO: common: created directory at: artifacts]
[2023-10-08 19:16:01,376: INFO: common: created directory at: artifacts/data_ingestion]
[2023-10-08 19:16:08,283: INFO: data_ingestion: artifacts/data_ingestion/data.zip download! with following info: 
Connection: close
Content-Length: 11605269
Cache-Control: max-age=300
Content-Security-Policy: default-src 'none'; style-src 'unsafe-inline'; sandbox
Content-Type: application/zip
ETag: "caf871900a465f4b6c655196f31f70db9c75895618240782e892cca0755f2cac"
Strict-Transport-Security: max-age=31536000
X-Content-Type-Options: nosniff
X-Frame-Options: deny
X-XSS-Protection: 1; mode=block
X-GitHub-Request-Id: 7A7A:1AC5A5:113A45:12D50C:6522A3BB
Accept-Ranges: bytes
Date: Sun, 08 Oct 2023 13:46:05 GMT
Via: 1.1 varnish
X-Served-By: cache-bom4732-BOM
X-Cache: HIT
X-Cache-Hits: 0
X-Timer: S1696772765.878099,VS0,VE251
Vary: Authorization,Accept-Encoding,Origin
Access-Control-Allow-Origin: *
Cross-Origin-Resource-Policy: cross-origin
X-Fastly-Request-ID: db620d69ce3a0e418eab284de2a349cbbefdd0ce
Expires: Sun, 08 Oct 2023 13:51:05 GMT
Source-Age: 0

]
[2023-10-08 19:16:08,752: INFO: main: >>>>>> stage Data Ingestion stage completed <<<<<<

x==========x]
[2023-10-08 19:16:08,752: INFO: main: *******************]
[2023-10-08 19:16:08,752: INFO: main: >>>>>> stage Prepare base model started <<<<<<]
[2023-10-08 19:16:08,752: INFO: common: yaml file: config\config.yaml loaded successfully]
[2023-10-08 19:16:08,769: INFO: common: yaml file: params.yaml loaded successfully]
[2023-10-08 19:16:08,771: INFO: common: created directory at: artifacts]
[2023-10-08 19:16:08,773: INFO: common: created directory at: artifacts/prepare_base_model]
[2023-10-08 19:16:09,498: WARNING: saving_utils: Compiled the loaded model, but the compiled metrics have yet to be built. `model.compile_metrics` will be empty until you train or evaluate the model.]
[2023-10-08 19:16:09,930: INFO: main: >>>>>> stage Prepare base model completed <<<<<<

x==========x]
[2023-10-08 19:16:09,931: INFO: main: *******************]
[2023-10-08 19:16:09,932: INFO: main: >>>>>> stage Training started <<<<<<]
[2023-10-08 19:16:09,935: INFO: common: yaml file: config\config.yaml loaded successfully]
[2023-10-08 19:16:09,938: INFO: common: yaml file: params.yaml loaded successfully]
[2023-10-08 19:16:09,939: INFO: common: created directory at: artifacts]
[2023-10-08 19:16:09,940: INFO: common: created directory at: artifacts\prepare_callbacks\checkpoint_dir]
[2023-10-08 19:16:09,943: INFO: common: created directory at: artifacts\prepare_callbacks\tensorboard_log_dir]
[2023-10-08 19:16:09,946: INFO: common: created directory at: artifacts\training]
[2023-10-08 19:39:38,284: INFO: main: >>>>>> stage Training completed <<<<<<

x==========x]
[2023-10-08 19:39:38,284: INFO: main: *******************]
[2023-10-08 19:39:38,284: INFO: main: >>>>>> stage Evaluation stage started <<<<<<]
[2023-10-08 19:39:38,284: INFO: common: yaml file: config\config.yaml loaded successfully]
[2023-10-08 19:39:38,299: INFO: common: yaml file: params.yaml loaded successfully]
[2023-10-08 19:39:38,300: INFO: common: created directory at: artifacts]
[2023-10-08 19:40:09,611: INFO: common: json file saved at: scores.json]
[2023-10-08 19:40:09,611: INFO: main: >>>>>> stage Evaluation stage completed <<<<<<

x==========x]
[2023-10-08 22:56:38,905: INFO: stage_01_data_ingestion: >>>>>> stage Data Ingestion stage started <<<<<<]
[2023-10-08 22:56:38,920: INFO: common: yaml file: config\config.yaml loaded successfully]
[2023-10-08 22:56:38,920: INFO: common: yaml file: params.yaml loaded successfully]
[2023-10-08 22:56:38,920: INFO: common: created directory at: artifacts]
[2023-10-08 22:56:38,920: INFO: common: created directory at: artifacts/data_ingestion]
[2023-10-08 22:57:21,571: ERROR: stage_01_data_ingestion: <urlopen error [WinError 10061] No connection could be made because the target machine actively refused it>]
Traceback (most recent call last):
  File "C:\Users\DELL\.conda\envs\chicken\lib\urllib\request.py", line 1354, in do_open
    h.request(req.get_method(), req.selector, req.data, headers,
  File "C:\Users\DELL\.conda\envs\chicken\lib\http\client.py", line 1256, in request
    self._send_request(method, url, body, headers, encode_chunked)
  File "C:\Users\DELL\.conda\envs\chicken\lib\http\client.py", line 1302, in _send_request
    self.endheaders(body, encode_chunked=encode_chunked)
  File "C:\Users\DELL\.conda\envs\chicken\lib\http\client.py", line 1251, in endheaders
    self._send_output(message_body, encode_chunked=encode_chunked)
  File "C:\Users\DELL\.conda\envs\chicken\lib\http\client.py", line 1011, in _send_output
    self.send(msg)
  File "C:\Users\DELL\.conda\envs\chicken\lib\http\client.py", line 951, in send
    self.connect()
  File "C:\Users\DELL\.conda\envs\chicken\lib\http\client.py", line 1418, in connect
    super().connect()
  File "C:\Users\DELL\.conda\envs\chicken\lib\http\client.py", line 922, in connect
    self.sock = self._create_connection(
  File "C:\Users\DELL\.conda\envs\chicken\lib\socket.py", line 808, in create_connection
    raise err
  File "C:\Users\DELL\.conda\envs\chicken\lib\socket.py", line 796, in create_connection
    sock.connect(sa)
ConnectionRefusedError: [WinError 10061] No connection could be made because the target machine actively refused it

During handling of the above exception, another exception occurred:

Traceback (most recent call last):
  File "src/cnnClassifier/pipeline/stage_01_data_ingestion.py", line 29, in <module>
    obj.main()
  File "src/cnnClassifier/pipeline/stage_01_data_ingestion.py", line 16, in main
    data_ingestion.download_file()
  File "c:\users\dell\documents\data science\projects\chicken_disease_classification\src\cnnClassifier\components\data_ingestion.py", line 18, in download_file
    filename, headers = request.urlretrieve(
  File "C:\Users\DELL\.conda\envs\chicken\lib\urllib\request.py", line 247, in urlretrieve
    with contextlib.closing(urlopen(url, data)) as fp:
  File "C:\Users\DELL\.conda\envs\chicken\lib\urllib\request.py", line 222, in urlopen
    return opener.open(url, data, timeout)
  File "C:\Users\DELL\.conda\envs\chicken\lib\urllib\request.py", line 531, in open
    response = meth(req, response)
  File "C:\Users\DELL\.conda\envs\chicken\lib\urllib\request.py", line 640, in http_response
    response = self.parent.error(
  File "C:\Users\DELL\.conda\envs\chicken\lib\urllib\request.py", line 563, in error
    result = self._call_chain(*args)
  File "C:\Users\DELL\.conda\envs\chicken\lib\urllib\request.py", line 502, in _call_chain
    result = func(*args)
  File "C:\Users\DELL\.conda\envs\chicken\lib\urllib\request.py", line 755, in http_error_302
    return self.parent.open(new, timeout=req.timeout)
  File "C:\Users\DELL\.conda\envs\chicken\lib\urllib\request.py", line 525, in open
    response = self._open(req, data)
  File "C:\Users\DELL\.conda\envs\chicken\lib\urllib\request.py", line 542, in _open
    result = self._call_chain(self.handle_open, protocol, protocol +
  File "C:\Users\DELL\.conda\envs\chicken\lib\urllib\request.py", line 502, in _call_chain
    result = func(*args)
  File "C:\Users\DELL\.conda\envs\chicken\lib\urllib\request.py", line 1397, in https_open
    return self.do_open(http.client.HTTPSConnection, req,
  File "C:\Users\DELL\.conda\envs\chicken\lib\urllib\request.py", line 1357, in do_open
    raise URLError(err)
urllib.error.URLError: <urlopen error [WinError 10061] No connection could be made because the target machine actively refused it>
[2023-10-08 22:58:06,572: INFO: stage_01_data_ingestion: >>>>>> stage Data Ingestion stage started <<<<<<]
[2023-10-08 22:58:06,576: INFO: common: yaml file: config\config.yaml loaded successfully]
[2023-10-08 22:58:06,578: INFO: common: yaml file: params.yaml loaded successfully]
[2023-10-08 22:58:06,580: INFO: common: created directory at: artifacts]
[2023-10-08 22:58:06,581: INFO: common: created directory at: artifacts/data_ingestion]
[2023-10-08 22:58:13,397: INFO: data_ingestion: artifacts/data_ingestion/data.zip download! with following info: 
Connection: close
Content-Length: 11605269
Cache-Control: max-age=300
Content-Security-Policy: default-src 'none'; style-src 'unsafe-inline'; sandbox
Content-Type: application/zip
ETag: "caf871900a465f4b6c655196f31f70db9c75895618240782e892cca0755f2cac"
Strict-Transport-Security: max-age=31536000
X-Content-Type-Options: nosniff
X-Frame-Options: deny
X-XSS-Protection: 1; mode=block
X-GitHub-Request-Id: 8CC4:30585D:281822:32261D:6522E6A9
Accept-Ranges: bytes
Date: Sun, 08 Oct 2023 17:28:10 GMT
Via: 1.1 varnish
X-Served-By: cache-qpg1243-QPG
X-Cache: MISS
X-Cache-Hits: 0
X-Timer: S1696786089.401554,VS0,VE1061
Vary: Authorization,Accept-Encoding,Origin
Access-Control-Allow-Origin: *
Cross-Origin-Resource-Policy: cross-origin
X-Fastly-Request-ID: 7b53bb2334d87aef6e2c58ee47d801f25e1a4d32
Expires: Sun, 08 Oct 2023 17:33:10 GMT
Source-Age: 1

]
[2023-10-08 22:58:13,960: INFO: stage_01_data_ingestion: >>>>>> stage Data Ingestion stage completed <<<<<<

x==========x]
[2023-10-08 22:58:25,530: INFO: stage_02_prepare_base_model: *******************]
[2023-10-08 22:58:25,530: INFO: stage_02_prepare_base_model: >>>>>> stage Prepare base model started <<<<<<]
[2023-10-08 22:58:25,530: INFO: common: yaml file: config\config.yaml loaded successfully]
[2023-10-08 22:58:25,530: INFO: common: yaml file: params.yaml loaded successfully]
[2023-10-08 22:58:25,530: INFO: common: created directory at: artifacts]
[2023-10-08 22:58:25,543: INFO: common: created directory at: artifacts/prepare_base_model]
[2023-10-08 22:58:26,110: WARNING: saving_utils: Compiled the loaded model, but the compiled metrics have yet to be built. `model.compile_metrics` will be empty until you train or evaluate the model.]
[2023-10-08 22:58:26,467: INFO: stage_02_prepare_base_model: >>>>>> stage Prepare base model completed <<<<<<

x==========x]
[2023-10-08 22:58:33,338: INFO: stage_03_training: *******************]
[2023-10-08 22:58:33,338: INFO: stage_03_training: >>>>>> stage Training started <<<<<<]
[2023-10-08 22:58:33,342: INFO: common: yaml file: config\config.yaml loaded successfully]
[2023-10-08 22:58:33,345: INFO: common: yaml file: params.yaml loaded successfully]
[2023-10-08 22:58:33,345: INFO: common: created directory at: artifacts]
[2023-10-08 22:58:33,346: INFO: common: created directory at: artifacts\prepare_callbacks\checkpoint_dir]
[2023-10-08 22:58:33,347: INFO: common: created directory at: artifacts\prepare_callbacks\tensorboard_log_dir]
[2023-10-08 22:58:33,350: INFO: common: created directory at: artifacts\training]
[2023-10-08 23:21:51,008: INFO: stage_03_training: >>>>>> stage Training completed <<<<<<

x==========x]
[2023-10-08 23:21:57,347: INFO: stage_04_evaluation: *******************]
[2023-10-08 23:21:57,347: INFO: stage_04_evaluation: >>>>>> stage Evaluation stage started <<<<<<]
[2023-10-08 23:21:57,347: INFO: common: yaml file: config\config.yaml loaded successfully]
[2023-10-08 23:21:57,356: INFO: common: yaml file: params.yaml loaded successfully]
[2023-10-08 23:21:57,357: INFO: common: created directory at: artifacts]
[2023-10-08 23:22:27,548: INFO: common: json file saved at: scores.json]
[2023-10-08 23:22:27,548: INFO: stage_04_evaluation: >>>>>> stage Evaluation stage completed <<<<<<

x==========x]
[2023-10-08 23:30:06,143: INFO: _internal: [31m[1mWARNING: This is a development server. Do not use it in a production deployment. Use a production WSGI server instead.[0m
 * Running on all addresses (0.0.0.0)
 * Running on http://127.0.0.1:80
 * Running on http://10.99.91.18:80]
[2023-10-08 23:30:06,143: INFO: _internal: [33mPress CTRL+C to quit[0m]
[2023-10-08 23:31:01,528: INFO: _internal: 127.0.0.1 - - [08/Oct/2023 23:31:01] "GET / HTTP/1.1" 200 -]
[2023-10-08 23:31:13,909: INFO: _internal: 127.0.0.1 - - [08/Oct/2023 23:31:13] "POST /predict HTTP/1.1" 200 -]
[2023-10-08 23:31:24,956: INFO: _internal: 127.0.0.1 - - [08/Oct/2023 23:31:24] "POST /predict HTTP/1.1" 200 -]
[2023-10-08 23:31:35,120: INFO: _internal: 127.0.0.1 - - [08/Oct/2023 23:31:35] "POST /predict HTTP/1.1" 200 -]
[2023-10-08 23:31:42,834: INFO: _internal: 127.0.0.1 - - [08/Oct/2023 23:31:42] "POST /predict HTTP/1.1" 200 -]
[2023-10-08 23:32:19,092: WARNING: polymorphic_function: 5 out of the last 5 calls to <function Model.make_predict_function.<locals>.predict_function at 0x00000222014C8EE0> triggered tf.function retracing. Tracing is expensive and the excessive number of tracings could be due to (1) creating @tf.function repeatedly in a loop, (2) passing tensors with different shapes, (3) passing Python objects instead of tensors. For (1), please define your @tf.function outside of the loop. For (2), @tf.function has reduce_retracing=True option that can avoid unnecessary retracing. For (3), please refer to https://www.tensorflow.org/guide/function#controlling_retracing and https://www.tensorflow.org/api_docs/python/tf/function for  more details.]
[2023-10-08 23:32:19,092: INFO: _internal: 127.0.0.1 - - [08/Oct/2023 23:32:19] "POST /predict HTTP/1.1" 200 -]
[2023-10-08 23:35:51,358: WARNING: polymorphic_function: 6 out of the last 6 calls to <function Model.make_predict_function.<locals>.predict_function at 0x000002220129A280> triggered tf.function retracing. Tracing is expensive and the excessive number of tracings could be due to (1) creating @tf.function repeatedly in a loop, (2) passing tensors with different shapes, (3) passing Python objects instead of tensors. For (1), please define your @tf.function outside of the loop. For (2), @tf.function has reduce_retracing=True option that can avoid unnecessary retracing. For (3), please refer to https://www.tensorflow.org/guide/function#controlling_retracing and https://www.tensorflow.org/api_docs/python/tf/function for  more details.]
[2023-10-08 23:35:51,358: INFO: _internal: 127.0.0.1 - - [08/Oct/2023 23:35:51] "POST /predict HTTP/1.1" 200 -]
[2023-10-09 13:40:51,359: INFO: main: >>>>>> stage Data Ingestion stage started <<<<<<]
[2023-10-09 13:40:51,363: INFO: common: yaml file: config\config.yaml loaded successfully]
[2023-10-09 13:40:51,368: INFO: common: yaml file: params.yaml loaded successfully]
[2023-10-09 13:40:51,369: INFO: common: created directory at: artifacts]
[2023-10-09 13:40:51,370: INFO: common: created directory at: artifacts/data_ingestion]
[2023-10-09 13:40:58,874: INFO: data_ingestion: artifacts/data_ingestion/data.zip download! with following info: 
Connection: close
Content-Length: 11605269
Cache-Control: max-age=300
Content-Security-Policy: default-src 'none'; style-src 'unsafe-inline'; sandbox
Content-Type: application/zip
ETag: "caf871900a465f4b6c655196f31f70db9c75895618240782e892cca0755f2cac"
Strict-Transport-Security: max-age=31536000
X-Content-Type-Options: nosniff
X-Frame-Options: deny
X-XSS-Protection: 1; mode=block
X-GitHub-Request-Id: 526A:13DFD6:E1AD2:1A6D2F:6523ADEA
Accept-Ranges: bytes
Date: Mon, 09 Oct 2023 08:10:56 GMT
Via: 1.1 varnish
X-Served-By: cache-bom4720-BOM
X-Cache: HIT
X-Cache-Hits: 0
X-Timer: S1696839056.202856,VS0,VE354
Vary: Authorization,Accept-Encoding,Origin
Access-Control-Allow-Origin: *
Cross-Origin-Resource-Policy: cross-origin
X-Fastly-Request-ID: 775cd94026e670a0514864f9be8b6afaf64558b6
Expires: Mon, 09 Oct 2023 08:15:56 GMT
Source-Age: 0

]
[2023-10-09 13:40:59,405: INFO: main: >>>>>> stage Data Ingestion stage completed <<<<<<

x==========x]
[2023-10-09 13:40:59,406: INFO: main: *******************]
[2023-10-09 13:40:59,406: INFO: main: >>>>>> stage Prepare base model started <<<<<<]
[2023-10-09 13:40:59,408: INFO: common: yaml file: config\config.yaml loaded successfully]
[2023-10-09 13:40:59,418: INFO: common: yaml file: params.yaml loaded successfully]
[2023-10-09 13:40:59,419: INFO: common: created directory at: artifacts]
[2023-10-09 13:40:59,420: INFO: common: created directory at: artifacts/prepare_base_model]
[2023-10-09 13:41:00,285: WARNING: saving_utils: Compiled the loaded model, but the compiled metrics have yet to be built. `model.compile_metrics` will be empty until you train or evaluate the model.]
[2023-10-09 13:41:00,606: INFO: main: >>>>>> stage Prepare base model completed <<<<<<

x==========x]
[2023-10-09 13:41:00,607: INFO: main: *******************]
[2023-10-09 13:41:00,608: INFO: main: >>>>>> stage Training started <<<<<<]
[2023-10-09 13:41:00,610: INFO: common: yaml file: config\config.yaml loaded successfully]
[2023-10-09 13:41:00,615: INFO: common: yaml file: params.yaml loaded successfully]
[2023-10-09 13:41:00,616: INFO: common: created directory at: artifacts]
[2023-10-09 13:41:00,631: INFO: common: created directory at: artifacts\prepare_callbacks\checkpoint_dir]
[2023-10-09 13:41:00,634: INFO: common: created directory at: artifacts\prepare_callbacks\tensorboard_log_dir]
[2023-10-09 13:41:00,637: INFO: common: created directory at: artifacts\training]
[2023-10-09 14:04:08,383: INFO: main: >>>>>> stage Training completed <<<<<<

x==========x]
[2023-10-09 14:04:08,384: INFO: main: *******************]
[2023-10-09 14:04:08,384: INFO: main: >>>>>> stage Evaluation stage started <<<<<<]
[2023-10-09 14:04:08,387: INFO: common: yaml file: config\config.yaml loaded successfully]
[2023-10-09 14:04:08,396: INFO: common: yaml file: params.yaml loaded successfully]
[2023-10-09 14:04:08,397: INFO: common: created directory at: artifacts]
[2023-10-09 14:04:38,336: INFO: common: json file saved at: scores.json]
[2023-10-09 14:04:38,337: INFO: main: >>>>>> stage Evaluation stage completed <<<<<<

x==========x]
[2023-11-26 21:50:14,102: INFO: common: yaml file: config\config.yaml loaded successfully]
[2023-11-26 21:50:14,113: INFO: common: yaml file: params.yaml loaded successfully]
[2023-11-26 21:50:14,116: INFO: common: created directory at: artifacts]
[2023-11-26 21:50:14,118: INFO: common: created directory at: artifacts/prepare_base_model]
[2023-11-26 21:50:15,242: WARNING: saving_utils: Compiled the loaded model, but the compiled metrics have yet to be built. `model.compile_metrics` will be empty until you train or evaluate the model.]
[2023-11-27 00:02:39,411: INFO: common: yaml file: config\config.yaml loaded successfully]
[2023-11-27 00:02:39,418: INFO: common: yaml file: params.yaml loaded successfully]
[2023-11-27 00:02:39,420: INFO: common: created directory at: artifacts]
[2023-11-27 00:02:39,422: INFO: common: created directory at: artifacts\prepare_callbacks\checkpoint_dir]
[2023-11-27 00:02:39,424: INFO: common: created directory at: artifacts\prepare_callbacks\tensorboard_log_dir]
[2023-11-28 11:33:38,542: INFO: common: yaml file: config\config.yaml loaded successfully]
[2023-11-28 11:33:38,566: INFO: common: yaml file: params.yaml loaded successfully]
[2023-11-28 11:33:38,575: INFO: common: created directory at: artifacts]
[2023-11-28 11:33:38,580: INFO: common: created directory at: artifacts/prepare_base_model]
[2023-11-28 11:33:39,722: WARNING: saving_utils: Compiled the loaded model, but the compiled metrics have yet to be built. `model.compile_metrics` will be empty until you train or evaluate the model.]
[2023-12-02 21:40:32,891: INFO: common: yaml file: config\config.yaml loaded successfully]
[2023-12-02 21:40:32,917: INFO: common: yaml file: params.yaml loaded successfully]
[2023-12-02 21:40:32,922: INFO: common: created directory at: artifacts]
[2023-12-02 21:40:32,927: INFO: common: created directory at: artifacts/prepare_base_model]
[2023-12-02 21:40:34,176: WARNING: saving_utils: Compiled the loaded model, but the compiled metrics have yet to be built. `model.compile_metrics` will be empty until you train or evaluate the model.]
[2023-12-02 21:51:28,198: INFO: common: yaml file: config\config.yaml loaded successfully]
[2023-12-02 21:51:28,206: INFO: common: yaml file: params.yaml loaded successfully]
[2023-12-02 21:51:28,208: INFO: common: created directory at: artifacts]
[2023-12-02 21:51:28,211: INFO: common: created directory at: artifacts\prepare_callbacks\checkpoint_dir]
[2023-12-02 21:51:28,213: INFO: common: created directory at: artifacts\prepare_callbacks\tensorboard_log_dir]
[2023-12-02 21:51:28,225: INFO: common: created directory at: artifacts\training]
[2023-12-02 22:27:12,306: INFO: common: yaml file: config\config.yaml loaded successfully]
[2023-12-02 22:27:12,312: INFO: common: yaml file: params.yaml loaded successfully]
[2023-12-02 22:27:12,315: INFO: common: created directory at: artifacts]
[2023-12-02 22:27:12,316: INFO: common: created directory at: artifacts\prepare_callbacks\checkpoint_dir]
[2023-12-02 22:27:12,319: INFO: common: created directory at: artifacts\prepare_callbacks\tensorboard_log_dir]
[2023-12-02 22:27:12,334: INFO: common: created directory at: artifacts\training]
[2023-12-02 23:06:02,704: INFO: common: yaml file: config\config.yaml loaded successfully]
[2023-12-02 23:06:02,712: INFO: common: yaml file: params.yaml loaded successfully]
[2023-12-02 23:06:02,716: INFO: common: created directory at: artifacts]
[2023-12-02 23:06:02,720: INFO: common: created directory at: artifacts/prepare_base_model]
[2023-12-02 23:06:03,848: WARNING: saving_utils: Compiled the loaded model, but the compiled metrics have yet to be built. `model.compile_metrics` will be empty until you train or evaluate the model.]
[2023-12-02 23:08:16,444: INFO: common: yaml file: config\config.yaml loaded successfully]
[2023-12-02 23:08:16,451: INFO: common: yaml file: params.yaml loaded successfully]
[2023-12-02 23:08:16,454: INFO: common: created directory at: artifacts]
[2023-12-02 23:08:16,457: INFO: common: created directory at: artifacts\prepare_callbacks\checkpoint_dir]
[2023-12-02 23:08:16,460: INFO: common: created directory at: artifacts\prepare_callbacks\tensorboard_log_dir]
[2023-12-02 23:08:16,465: INFO: common: created directory at: artifacts\training]
[2023-12-03 18:05:12,485: INFO: common: yaml file: config\config.yaml loaded successfully]
[2023-12-03 18:05:12,492: INFO: common: yaml file: params.yaml loaded successfully]
[2023-12-03 18:05:12,494: INFO: common: created directory at: artifacts]
[2023-12-03 18:05:12,497: INFO: common: created directory at: artifacts/data_ingestion]
[2023-12-03 18:06:34,254: INFO: common: yaml file: config\config.yaml loaded successfully]
[2023-12-03 18:06:34,261: INFO: common: yaml file: params.yaml loaded successfully]
[2023-12-03 18:06:34,263: INFO: common: created directory at: artifacts]
[2023-12-03 18:06:34,266: INFO: common: created directory at: artifacts/data_ingestion]
[2023-12-03 18:11:49,533: INFO: common: yaml file: config\config.yaml loaded successfully]
[2023-12-03 18:11:49,539: INFO: common: yaml file: params.yaml loaded successfully]
[2023-12-03 18:11:49,547: INFO: common: created directory at: artifacts]
[2023-12-03 18:11:49,550: INFO: common: created directory at: artifacts/data_ingestion]
[2023-12-03 18:11:49,555: INFO: 2510268348: File already exists of size: ~ 707925 KB]
[2023-12-03 19:33:32,233: INFO: common: yaml file: config\config.yaml loaded successfully]
[2023-12-03 19:33:32,241: INFO: common: yaml file: params.yaml loaded successfully]
[2023-12-03 19:33:32,244: INFO: common: created directory at: artifacts]
[2023-12-03 19:33:32,247: INFO: common: created directory at: artifacts/data_ingestion]
[2023-12-03 19:34:23,424: INFO: 2039000121: artifacts/data_ingestion/data.zip downloaded!]
[2023-12-03 19:34:55,893: INFO: common: yaml file: config\config.yaml loaded successfully]
[2023-12-03 19:34:55,899: INFO: common: yaml file: params.yaml loaded successfully]
[2023-12-03 19:34:55,901: INFO: common: created directory at: artifacts]
[2023-12-03 19:34:55,903: INFO: common: created directory at: artifacts/data_ingestion]
[2023-12-03 19:34:55,906: INFO: 2802554772: File already exists of size: ~ 707925 KB]
[2023-12-03 19:35:37,820: INFO: common: yaml file: config\config.yaml loaded successfully]
[2023-12-03 19:35:37,827: INFO: common: yaml file: params.yaml loaded successfully]
[2023-12-03 19:35:37,830: INFO: common: created directory at: artifacts]
[2023-12-03 19:35:37,832: INFO: common: created directory at: artifacts/data_ingestion]
[2023-12-03 19:35:37,835: INFO: 2802554772: File already exists of size: ~ 707925 KB]
[2023-12-03 19:37:01,106: INFO: common: yaml file: config\config.yaml loaded successfully]
[2023-12-03 19:37:01,112: INFO: common: yaml file: params.yaml loaded successfully]
[2023-12-03 19:37:01,115: INFO: common: created directory at: artifacts]
[2023-12-03 19:37:01,117: INFO: common: created directory at: artifacts/data_ingestion]
[2023-12-03 19:37:01,120: INFO: 1418567184: File already exists of size: ~ 707925 KB]
[2023-12-03 19:37:32,335: INFO: common: yaml file: config\config.yaml loaded successfully]
[2023-12-03 19:37:32,342: INFO: common: yaml file: params.yaml loaded successfully]
[2023-12-03 19:37:32,346: INFO: common: created directory at: artifacts]
[2023-12-03 19:37:32,349: INFO: common: created directory at: artifacts/data_ingestion]
[2023-12-03 19:37:32,351: INFO: 2486977183: File already exists of size: ~ 707925 KB]
[2023-12-03 19:47:00,405: INFO: common: yaml file: config\config.yaml loaded successfully]
[2023-12-03 19:47:00,412: INFO: common: yaml file: params.yaml loaded successfully]
[2023-12-03 19:47:00,415: INFO: common: created directory at: artifacts]
[2023-12-03 19:47:00,417: INFO: common: created directory at: artifacts/data_ingestion]
[2023-12-03 19:48:01,804: INFO: 3887905023: artifacts/data_ingestion/data.zip downloaded!]
[2023-12-03 20:29:07,694: INFO: common: yaml file: config\config.yaml loaded successfully]
[2023-12-03 20:29:07,700: INFO: common: yaml file: params.yaml loaded successfully]
[2023-12-03 20:29:07,703: INFO: common: created directory at: artifacts]
[2023-12-03 20:29:07,706: INFO: common: created directory at: artifacts/data_ingestion]
[2023-12-03 20:29:07,709: INFO: 547603163: File already exists of size: ~ 707925 KB]
[2023-12-03 20:33:08,631: WARNING: module_wrapper: From c:\Users\DELL\.conda\envs\chicken\lib\site-packages\keras\src\losses.py:2976: The name tf.losses.sparse_softmax_cross_entropy is deprecated. Please use tf.compat.v1.losses.sparse_softmax_cross_entropy instead.
]
[2023-12-03 20:34:46,514: INFO: common: yaml file: config\config.yaml loaded successfully]
[2023-12-03 20:34:46,520: INFO: common: yaml file: params.yaml loaded successfully]
[2023-12-03 20:34:46,523: INFO: common: created directory at: artifacts]
[2023-12-03 20:34:46,525: INFO: common: created directory at: artifacts/prepare_base_model]
[2023-12-03 20:34:47,068: WARNING: module_wrapper: From c:\Users\DELL\.conda\envs\chicken\lib\site-packages\keras\src\backend.py:1398: The name tf.executing_eagerly_outside_functions is deprecated. Please use tf.compat.v1.executing_eagerly_outside_functions instead.
]
[2023-12-03 20:34:47,662: WARNING: module_wrapper: From c:\Users\DELL\.conda\envs\chicken\lib\site-packages\keras\src\layers\pooling\max_pooling2d.py:161: The name tf.nn.max_pool is deprecated. Please use tf.nn.max_pool2d instead.
]
[2023-12-03 20:34:48,786: WARNING: saving_utils: Compiled the loaded model, but the compiled metrics have yet to be built. `model.compile_metrics` will be empty until you train or evaluate the model.]
[2023-12-03 20:44:50,748: WARNING: module_wrapper: From c:\Users\DELL\.conda\envs\chicken\lib\site-packages\keras\src\losses.py:2976: The name tf.losses.sparse_softmax_cross_entropy is deprecated. Please use tf.compat.v1.losses.sparse_softmax_cross_entropy instead.
]
[2023-12-03 20:46:23,733: INFO: common: yaml file: config\config.yaml loaded successfully]
[2023-12-03 20:46:23,739: INFO: common: yaml file: params.yaml loaded successfully]
[2023-12-03 20:46:23,742: INFO: common: created directory at: artifacts]
[2023-12-03 20:46:23,745: INFO: common: created directory at: artifacts\prepare_callbacks\checkpoint_dir]
[2023-12-03 20:46:23,748: INFO: common: created directory at: artifacts\prepare_callbacks\tensorboard_log_dir]
[2023-12-03 20:46:23,759: INFO: common: created directory at: artifacts\training]
[2023-12-03 20:46:24,516: WARNING: module_wrapper: From c:\Users\DELL\.conda\envs\chicken\lib\site-packages\keras\src\backend.py:1398: The name tf.executing_eagerly_outside_functions is deprecated. Please use tf.compat.v1.executing_eagerly_outside_functions instead.
]
[2023-12-03 20:46:24,769: WARNING: module_wrapper: From c:\Users\DELL\.conda\envs\chicken\lib\site-packages\keras\src\layers\pooling\max_pooling2d.py:161: The name tf.nn.max_pool is deprecated. Please use tf.nn.max_pool2d instead.
]
[2023-12-03 20:53:55,460: INFO: common: yaml file: config\config.yaml loaded successfully]
[2023-12-03 20:53:55,466: INFO: common: yaml file: params.yaml loaded successfully]
[2023-12-03 20:53:55,468: INFO: common: created directory at: artifacts]
[2023-12-03 20:53:55,470: INFO: common: created directory at: artifacts/prepare_base_model]
[2023-12-03 20:53:56,506: WARNING: saving_utils: Compiled the loaded model, but the compiled metrics have yet to be built. `model.compile_metrics` will be empty until you train or evaluate the model.]
[2023-12-03 20:54:05,540: INFO: common: yaml file: config\config.yaml loaded successfully]
[2023-12-03 20:54:05,546: INFO: common: yaml file: params.yaml loaded successfully]
[2023-12-03 20:54:05,549: INFO: common: created directory at: artifacts]
[2023-12-03 20:54:05,551: INFO: common: created directory at: artifacts\prepare_callbacks\checkpoint_dir]
[2023-12-03 20:54:05,553: INFO: common: created directory at: artifacts\prepare_callbacks\tensorboard_log_dir]
[2023-12-03 20:54:05,556: INFO: common: created directory at: artifacts\training]
[2023-12-03 20:54:10,115: WARNING: module_wrapper: From c:\Users\DELL\.conda\envs\chicken\lib\site-packages\keras\src\utils\tf_utils.py:492: The name tf.ragged.RaggedTensorValue is deprecated. Please use tf.compat.v1.ragged.RaggedTensorValue instead.
]
[2023-12-03 21:08:00,358: INFO: common: yaml file: config\config.yaml loaded successfully]
[2023-12-03 21:08:00,367: INFO: common: yaml file: params.yaml loaded successfully]
[2023-12-03 21:08:00,370: INFO: common: created directory at: artifacts]
[2023-12-03 21:08:00,373: INFO: common: created directory at: artifacts/prepare_base_model]
[2023-12-03 21:08:01,362: WARNING: saving_utils: Compiled the loaded model, but the compiled metrics have yet to be built. `model.compile_metrics` will be empty until you train or evaluate the model.]
[2023-12-03 21:08:09,266: INFO: common: yaml file: config\config.yaml loaded successfully]
[2023-12-03 21:08:09,272: INFO: common: yaml file: params.yaml loaded successfully]
[2023-12-03 21:08:09,275: INFO: common: created directory at: artifacts]
[2023-12-03 21:08:09,278: INFO: common: created directory at: artifacts\prepare_callbacks\checkpoint_dir]
[2023-12-03 21:08:09,280: INFO: common: created directory at: artifacts\prepare_callbacks\tensorboard_log_dir]
[2023-12-03 21:08:09,283: INFO: common: created directory at: artifacts\training]
[2023-12-03 21:23:54,389: WARNING: module_wrapper: From c:\Users\DELL\.conda\envs\chicken\lib\site-packages\keras\src\losses.py:2976: The name tf.losses.sparse_softmax_cross_entropy is deprecated. Please use tf.compat.v1.losses.sparse_softmax_cross_entropy instead.
]
[2023-12-03 21:24:08,496: INFO: common: yaml file: config\config.yaml loaded successfully]
[2023-12-03 21:24:08,502: INFO: common: yaml file: params.yaml loaded successfully]
[2023-12-03 21:24:08,504: INFO: common: created directory at: artifacts]
[2023-12-03 21:24:08,508: INFO: common: created directory at: artifacts\prepare_callbacks\checkpoint_dir]
[2023-12-03 21:24:08,510: INFO: common: created directory at: artifacts\prepare_callbacks\tensorboard_log_dir]
[2023-12-03 21:24:08,521: INFO: common: created directory at: artifacts\training]
[2023-12-03 21:24:09,051: WARNING: module_wrapper: From c:\Users\DELL\.conda\envs\chicken\lib\site-packages\keras\src\backend.py:1398: The name tf.executing_eagerly_outside_functions is deprecated. Please use tf.compat.v1.executing_eagerly_outside_functions instead.
]
[2023-12-03 21:24:09,277: WARNING: module_wrapper: From c:\Users\DELL\.conda\envs\chicken\lib\site-packages\keras\src\layers\pooling\max_pooling2d.py:161: The name tf.nn.max_pool is deprecated. Please use tf.nn.max_pool2d instead.
]
[2023-12-03 21:24:13,395: WARNING: module_wrapper: From c:\Users\DELL\.conda\envs\chicken\lib\site-packages\keras\src\utils\tf_utils.py:492: The name tf.ragged.RaggedTensorValue is deprecated. Please use tf.compat.v1.ragged.RaggedTensorValue instead.
]
[2023-12-03 22:13:30,563: INFO: common: yaml file: config\config.yaml loaded successfully]
[2023-12-03 22:13:30,569: INFO: common: yaml file: params.yaml loaded successfully]
[2023-12-03 22:13:30,572: INFO: common: created directory at: artifacts]
[2023-12-03 22:13:31,178: WARNING: module_wrapper: From c:\Users\DELL\.conda\envs\chicken\lib\site-packages\keras\src\backend.py:1398: The name tf.executing_eagerly_outside_functions is deprecated. Please use tf.compat.v1.executing_eagerly_outside_functions instead.
]
[2023-12-03 22:13:31,413: WARNING: module_wrapper: From c:\Users\DELL\.conda\envs\chicken\lib\site-packages\keras\src\layers\pooling\max_pooling2d.py:161: The name tf.nn.max_pool is deprecated. Please use tf.nn.max_pool2d instead.
]
[2023-12-03 22:13:33,820: WARNING: module_wrapper: From c:\Users\DELL\.conda\envs\chicken\lib\site-packages\keras\src\utils\tf_utils.py:492: The name tf.ragged.RaggedTensorValue is deprecated. Please use tf.compat.v1.ragged.RaggedTensorValue instead.
]
[2023-12-03 22:14:06,633: INFO: common: json file saved at: scores.json]
[2023-12-03 22:38:35,713: WARNING: module_wrapper: From C:\Users\DELL\.conda\envs\chicken\lib\site-packages\keras\src\losses.py:2976: The name tf.losses.sparse_softmax_cross_entropy is deprecated. Please use tf.compat.v1.losses.sparse_softmax_cross_entropy instead.
]
[2023-12-03 22:38:37,328: INFO: main: >>>>>> stage Data Ingestion stage started <<<<<<]
[2023-12-03 22:38:37,347: INFO: common: yaml file: config\config.yaml loaded successfully]
[2023-12-03 22:38:37,368: INFO: common: yaml file: params.yaml loaded successfully]
[2023-12-03 22:38:37,385: INFO: common: created directory at: artifacts]
[2023-12-03 22:38:37,387: INFO: common: created directory at: artifacts/data_ingestion]
[2023-12-03 22:40:38,375: INFO: data_ingestion: artifacts/data_ingestion/data.zip downloaded!]
[2023-12-03 22:40:43,172: ERROR: main: name 'train_test_split' is not defined]
Traceback (most recent call last):
  File "C:\Users\DELL\Documents\Data Science\Projects\Chicken_Disease_Classification\main.py", line 12, in <module>
    data_ingestion.main()
  File "c:\users\dell\documents\data science\projects\chicken_disease_classification\src\cnnClassifier\pipeline\stage_01_data_ingestion.py", line 17, in main
    data_ingestion.extract_and_split_data()
  File "c:\users\dell\documents\data science\projects\chicken_disease_classification\src\cnnClassifier\components\data_ingestion.py", line 76, in extract_and_split_data
    train_files, test_files = train_test_split(file_list, test_size=0.2, random_state=0, stratify=classes)
NameError: name 'train_test_split' is not defined
[2023-12-03 22:41:44,058: WARNING: module_wrapper: From C:\Users\DELL\.conda\envs\chicken\lib\site-packages\keras\src\losses.py:2976: The name tf.losses.sparse_softmax_cross_entropy is deprecated. Please use tf.compat.v1.losses.sparse_softmax_cross_entropy instead.
]
[2023-12-03 22:41:46,108: INFO: main: >>>>>> stage Data Ingestion stage started <<<<<<]
[2023-12-03 22:41:46,108: INFO: common: yaml file: config\config.yaml loaded successfully]
[2023-12-03 22:41:46,119: INFO: common: yaml file: params.yaml loaded successfully]
[2023-12-03 22:41:46,121: INFO: common: created directory at: artifacts]
[2023-12-03 22:41:46,122: INFO: common: created directory at: artifacts/data_ingestion]
[2023-12-03 22:41:46,123: INFO: data_ingestion: File already exists of size: ~ 707925 KB]
[2023-12-03 22:42:02,535: INFO: main: >>>>>> stage Data Ingestion stage completed <<<<<<

x==========x]
[2023-12-03 22:53:22,683: WARNING: module_wrapper: From C:\Users\DELL\.conda\envs\chicken\lib\site-packages\keras\src\losses.py:2976: The name tf.losses.sparse_softmax_cross_entropy is deprecated. Please use tf.compat.v1.losses.sparse_softmax_cross_entropy instead.
]
[2023-12-03 22:53:24,587: INFO: main: >>>>>> stage Data Ingestion stage started <<<<<<]
[2023-12-03 22:53:24,598: INFO: common: yaml file: config\config.yaml loaded successfully]
[2023-12-03 22:53:24,603: INFO: common: yaml file: params.yaml loaded successfully]
[2023-12-03 22:53:24,604: INFO: common: created directory at: artifacts]
[2023-12-03 22:53:24,605: INFO: common: created directory at: artifacts/data_ingestion]
[2023-12-03 22:53:24,606: INFO: data_ingestion: File already exists of size: ~ 707925 KB]
[2023-12-03 22:53:38,428: INFO: main: >>>>>> stage Data Ingestion stage completed <<<<<<

x==========x]
[2023-12-03 22:53:38,428: INFO: main: *******************]
[2023-12-03 22:53:38,428: INFO: main: >>>>>> stage Prepare base model started <<<<<<]
[2023-12-03 22:53:38,492: INFO: common: yaml file: config\config.yaml loaded successfully]
[2023-12-03 22:53:38,492: INFO: common: yaml file: params.yaml loaded successfully]
[2023-12-03 22:53:38,492: INFO: common: created directory at: artifacts]
[2023-12-03 22:53:38,502: INFO: common: created directory at: artifacts/prepare_base_model]
[2023-12-03 22:53:39,005: WARNING: module_wrapper: From C:\Users\DELL\.conda\envs\chicken\lib\site-packages\keras\src\backend.py:1398: The name tf.executing_eagerly_outside_functions is deprecated. Please use tf.compat.v1.executing_eagerly_outside_functions instead.
]
[2023-12-03 22:53:39,195: WARNING: module_wrapper: From C:\Users\DELL\.conda\envs\chicken\lib\site-packages\keras\src\layers\pooling\max_pooling2d.py:161: The name tf.nn.max_pool is deprecated. Please use tf.nn.max_pool2d instead.
]
[2023-12-03 22:53:40,226: WARNING: saving_utils: Compiled the loaded model, but the compiled metrics have yet to be built. `model.compile_metrics` will be empty until you train or evaluate the model.]
[2023-12-03 22:53:40,773: INFO: main: >>>>>> stage Prepare base model completed <<<<<<

x==========x]
[2023-12-03 23:00:50,552: WARNING: module_wrapper: From C:\Users\DELL\.conda\envs\chicken\lib\site-packages\keras\src\losses.py:2976: The name tf.losses.sparse_softmax_cross_entropy is deprecated. Please use tf.compat.v1.losses.sparse_softmax_cross_entropy instead.
]
[2023-12-03 23:00:52,104: INFO: main: >>>>>> stage Data Ingestion stage started <<<<<<]
[2023-12-03 23:00:52,104: INFO: common: yaml file: config\config.yaml loaded successfully]
[2023-12-03 23:00:52,120: INFO: common: yaml file: params.yaml loaded successfully]
[2023-12-03 23:00:52,121: INFO: common: created directory at: artifacts]
[2023-12-03 23:00:52,122: INFO: common: created directory at: artifacts/data_ingestion]
[2023-12-03 23:00:52,123: INFO: data_ingestion: File already exists of size: ~ 707925 KB]
[2023-12-03 23:01:05,397: INFO: main: >>>>>> stage Data Ingestion stage completed <<<<<<

x==========x]
[2023-12-03 23:01:05,397: INFO: main: *******************]
[2023-12-03 23:01:05,397: INFO: main: >>>>>> stage Prepare base model started <<<<<<]
[2023-12-03 23:01:05,435: INFO: common: yaml file: config\config.yaml loaded successfully]
[2023-12-03 23:01:05,440: INFO: common: yaml file: params.yaml loaded successfully]
[2023-12-03 23:01:05,441: INFO: common: created directory at: artifacts]
[2023-12-03 23:01:05,443: INFO: common: created directory at: artifacts/prepare_base_model]
[2023-12-03 23:01:05,869: WARNING: module_wrapper: From C:\Users\DELL\.conda\envs\chicken\lib\site-packages\keras\src\backend.py:1398: The name tf.executing_eagerly_outside_functions is deprecated. Please use tf.compat.v1.executing_eagerly_outside_functions instead.
]
[2023-12-03 23:01:06,030: WARNING: module_wrapper: From C:\Users\DELL\.conda\envs\chicken\lib\site-packages\keras\src\layers\pooling\max_pooling2d.py:161: The name tf.nn.max_pool is deprecated. Please use tf.nn.max_pool2d instead.
]
[2023-12-03 23:01:06,981: WARNING: saving_utils: Compiled the loaded model, but the compiled metrics have yet to be built. `model.compile_metrics` will be empty until you train or evaluate the model.]
[2023-12-03 23:01:07,629: INFO: main: >>>>>> stage Prepare base model completed <<<<<<

x==========x]
[2023-12-03 23:01:07,629: INFO: main: *******************]
[2023-12-03 23:01:07,629: INFO: main: >>>>>> stage Training started <<<<<<]
[2023-12-03 23:01:07,644: INFO: common: yaml file: config\config.yaml loaded successfully]
[2023-12-03 23:01:07,649: INFO: common: yaml file: params.yaml loaded successfully]
[2023-12-03 23:01:07,650: INFO: common: created directory at: artifacts]
[2023-12-03 23:01:07,651: INFO: common: created directory at: artifacts\prepare_callbacks\checkpoint_dir]
[2023-12-03 23:01:07,653: INFO: common: created directory at: artifacts\prepare_callbacks\tensorboard_log_dir]
[2023-12-03 23:01:07,657: INFO: common: created directory at: artifacts\training]
[2023-12-03 23:01:10,834: WARNING: module_wrapper: From C:\Users\DELL\.conda\envs\chicken\lib\site-packages\keras\src\utils\tf_utils.py:492: The name tf.ragged.RaggedTensorValue is deprecated. Please use tf.compat.v1.ragged.RaggedTensorValue instead.
]
[2023-12-03 23:06:57,188: WARNING: module_wrapper: From C:\Users\DELL\.conda\envs\chicken\lib\site-packages\keras\src\losses.py:2976: The name tf.losses.sparse_softmax_cross_entropy is deprecated. Please use tf.compat.v1.losses.sparse_softmax_cross_entropy instead.
]
[2023-12-03 23:06:59,308: INFO: main: >>>>>> stage Data Ingestion stage started <<<<<<]
[2023-12-03 23:06:59,336: INFO: common: yaml file: config\config.yaml loaded successfully]
[2023-12-03 23:06:59,357: INFO: common: yaml file: params.yaml loaded successfully]
[2023-12-03 23:06:59,357: INFO: common: created directory at: artifacts]
[2023-12-03 23:06:59,357: INFO: common: created directory at: artifacts/data_ingestion]
[2023-12-03 23:06:59,365: INFO: data_ingestion: File already exists of size: ~ 707925 KB]
[2023-12-03 23:07:17,772: INFO: main: >>>>>> stage Data Ingestion stage completed <<<<<<

x==========x]
[2023-12-03 23:07:17,772: INFO: main: *******************]
[2023-12-03 23:07:17,772: INFO: main: >>>>>> stage Prepare base model started <<<<<<]
[2023-12-03 23:07:17,826: INFO: common: yaml file: config\config.yaml loaded successfully]
[2023-12-03 23:07:17,826: INFO: common: yaml file: params.yaml loaded successfully]
[2023-12-03 23:07:17,841: INFO: common: created directory at: artifacts]
[2023-12-03 23:07:17,842: INFO: common: created directory at: artifacts/prepare_base_model]
[2023-12-03 23:07:18,255: WARNING: module_wrapper: From C:\Users\DELL\.conda\envs\chicken\lib\site-packages\keras\src\backend.py:1398: The name tf.executing_eagerly_outside_functions is deprecated. Please use tf.compat.v1.executing_eagerly_outside_functions instead.
]
[2023-12-03 23:07:18,653: WARNING: module_wrapper: From C:\Users\DELL\.conda\envs\chicken\lib\site-packages\keras\src\layers\pooling\max_pooling2d.py:161: The name tf.nn.max_pool is deprecated. Please use tf.nn.max_pool2d instead.
]
[2023-12-03 23:07:19,373: WARNING: saving_utils: Compiled the loaded model, but the compiled metrics have yet to be built. `model.compile_metrics` will be empty until you train or evaluate the model.]
[2023-12-03 23:07:20,475: INFO: main: >>>>>> stage Prepare base model completed <<<<<<

x==========x]
[2023-12-03 23:07:20,475: INFO: main: *******************]
[2023-12-03 23:07:20,475: INFO: main: >>>>>> stage Training started <<<<<<]
[2023-12-03 23:07:20,491: INFO: common: yaml file: config\config.yaml loaded successfully]
[2023-12-03 23:07:20,505: INFO: common: yaml file: params.yaml loaded successfully]
[2023-12-03 23:07:20,507: INFO: common: created directory at: artifacts]
[2023-12-03 23:07:20,508: INFO: common: created directory at: artifacts\prepare_callbacks\checkpoint_dir]
[2023-12-03 23:07:20,509: INFO: common: created directory at: artifacts\prepare_callbacks\tensorboard_log_dir]
[2023-12-03 23:07:20,512: INFO: common: created directory at: artifacts\training]
[2023-12-03 23:07:23,305: WARNING: module_wrapper: From C:\Users\DELL\.conda\envs\chicken\lib\site-packages\keras\src\utils\tf_utils.py:492: The name tf.ragged.RaggedTensorValue is deprecated. Please use tf.compat.v1.ragged.RaggedTensorValue instead.
]
[2023-12-03 23:36:20,843: INFO: main: >>>>>> stage Training completed <<<<<<

x==========x]
[2023-12-03 23:36:20,843: INFO: main: *******************]
[2023-12-03 23:36:20,843: INFO: main: >>>>>> stage Evaluation stage started <<<<<<]
[2023-12-03 23:36:20,863: INFO: common: yaml file: config\config.yaml loaded successfully]
[2023-12-03 23:36:20,866: INFO: common: yaml file: params.yaml loaded successfully]
[2023-12-03 23:36:20,866: INFO: common: created directory at: artifacts]
[2023-12-03 23:36:20,866: ERROR: main: 'ConfigurationManager' object has no attribute 'get_validation_config']
Traceback (most recent call last):
  File "C:\Users\DELL\Documents\Data Science\Projects\Chicken_Disease_Classification\main.py", line 49, in <module>
    model_evalution.main()
  File "c:\users\dell\documents\data science\projects\chicken_disease_classification\src\cnnClassifier\pipeline\stage_04_evaluation.py", line 17, in main
    val_config = config.get_validation_config()
AttributeError: 'ConfigurationManager' object has no attribute 'get_validation_config'
[2023-12-03 23:51:10,233: WARNING: module_wrapper: From C:\Users\DELL\.conda\envs\chicken\lib\site-packages\keras\src\losses.py:2976: The name tf.losses.sparse_softmax_cross_entropy is deprecated. Please use tf.compat.v1.losses.sparse_softmax_cross_entropy instead.
]
[2023-12-03 23:51:11,483: INFO: main: *******************]
[2023-12-03 23:51:11,486: INFO: main: >>>>>> stage Evaluation stage started <<<<<<]
[2023-12-03 23:51:11,497: INFO: common: yaml file: config\config.yaml loaded successfully]
[2023-12-03 23:51:11,503: INFO: common: yaml file: params.yaml loaded successfully]
[2023-12-03 23:51:11,503: INFO: common: created directory at: artifacts]
[2023-12-03 23:51:11,721: WARNING: module_wrapper: From C:\Users\DELL\.conda\envs\chicken\lib\site-packages\keras\src\backend.py:1398: The name tf.executing_eagerly_outside_functions is deprecated. Please use tf.compat.v1.executing_eagerly_outside_functions instead.
]
[2023-12-03 23:51:11,726: WARNING: module_wrapper: From C:\Users\DELL\.conda\envs\chicken\lib\site-packages\keras\src\layers\pooling\max_pooling2d.py:161: The name tf.nn.max_pool is deprecated. Please use tf.nn.max_pool2d instead.
]
[2023-12-03 23:51:13,927: WARNING: module_wrapper: From C:\Users\DELL\.conda\envs\chicken\lib\site-packages\keras\src\utils\tf_utils.py:492: The name tf.ragged.RaggedTensorValue is deprecated. Please use tf.compat.v1.ragged.RaggedTensorValue instead.
]
[2023-12-03 23:51:39,549: INFO: common: json file saved at: scores.json]
[2023-12-03 23:51:39,550: INFO: main: >>>>>> stage Evaluation stage completed <<<<<<

x==========x]
